2026-06-06 10:51:45 — === Spouštím sync ===
2026-06-06 10:51:45 — 📊 Generuji tlak_data.json...

======================================================================
🩺 SYNCHRONIZACE KREVNÍHO TLAKU - PAVEL
======================================================================

📖 Čtu Excel soubor: Krevni_tlak_Pavel.xlsx
✅ Excel načten! Počet řádků: 89
🔄 Zpracovávám data...
✅ Zpracováno 16 měření
💾 Ukládám do JSON: tlak_data.json
✅ JSON uložen! Soubor: tlak_data.json

======================================================================
✅ SYNCHRONIZACE HOTOVA!
======================================================================

📊 Aplikace si teď čte: tlak_data.json
📈 Máš 16 měření k dispozici
2026-06-06 10:51:45 — ✅ JSON vygenerován.
2026-06-06 10:51:45 — 🔓 Lock soubory odstraněny.
[main 84b6555] 🩺 Aktualizace: 2026-06-06 10:51
 1 file changed, 1 insertion(+), 1 deletion(-)
2026-06-06 10:51:45 — 📦 Commit vytvořen.
To https://github.com/pavelhlo/pavel-health.git
   f611707..84b6555  main -> main
2026-06-06 10:51:47 — 🚀 ✅ Push úspěšný — data jsou na GitHubu.
